161217 18:36:08 mysqld_safe Starting mysqld daemon with databases from /var/lib/mysql
161217 18:36:08 [Warning] Using unique option prefix key_buffer instead of key_buffer_size is deprecated and will be removed in a future release. Please use the full name instead.
161217 18:36:08 [Note] /usr/sbin/mysqld (mysqld 5.5.49-0+deb8u1) starting as process 608 ...
161217 18:36:08 [Warning] Using unique option prefix myisam-recover instead of myisam-recover-options is deprecated and will be removed in a future release. Please use the full name instead.
161217 18:36:08 [Note] Plugin 'FEDERATED' is disabled.
161217 18:36:08 InnoDB: The InnoDB memory heap is disabled
161217 18:36:08 InnoDB: Mutexes and rw_locks use GCC atomic builtins
161217 18:36:08 InnoDB: Compressed tables use zlib 1.2.8
161217 18:36:08 InnoDB: Using Linux native AIO
161217 18:36:08 InnoDB: Initializing buffer pool, size = 8.0M
161217 18:36:08 InnoDB: Completed initialization of buffer pool
161217 18:36:08 InnoDB: highest supported file format is Barracuda.
161217 18:36:08  InnoDB: Waiting for the background threads to start
161217 18:36:09 InnoDB: 5.5.49 started; log sequence number 1595675
161217 18:36:09 [Note] Server hostname (bind-address): '0.0.0.0'; port: 3306
161217 18:36:09 [Note]   - '0.0.0.0' resolves to '0.0.0.0';
161217 18:36:09 [Note] Server socket created on IP: '0.0.0.0'.
161217 18:36:09 [ERROR] /usr/sbin/mysqld: Table './mysql/user' is marked as crashed and should be repaired
161217 18:36:09 [Warning] Checking table:   './mysql/user'
161217 18:36:09 [ERROR] 1 client is using or hasn't closed the table properly
161217 18:36:09 [Note] Event Scheduler: Loaded 0 events
161217 18:36:09 [Note] /usr/sbin/mysqld: ready for connections.
Version: '5.5.49-0+deb8u1'  socket: '/var/run/mysqld/mysqld.sock'  port: 3306  (Debian)
